<?xml version="1.0" encoding="UTF-8"?>
<coverage generated="1489929140516" clover="3.2.0">
  <project timestamp="1489929140516" name="All files">
    <metrics statements="74" coveredstatements="34" conditionals="30" coveredconditionals="11" methods="27" coveredmethods="9" elements="131" coveredelements="54" complexity="0" loc="74" ncloc="74" packages="3" files="5" classes="5">
      <package name="components">
        <metrics statements="33" coveredstatements="0" conditionals="16" coveredconditionals="0" methods="13" coveredmethods="0"/>
        <file name="ColorPicker.jsx" path="C:\studio\Apache24\htdocs\react-color-picker\react-color-picker\src\components\ColorPicker.jsx">
          <metrics statements="33" coveredstatements="0" conditionals="16" coveredconditionals="0" methods="13" coveredmethods="0"/>
          <line num="48" count="0" type="stmt"/>
          <line num="50" count="0" type="stmt"/>
          <line num="51" count="0" type="stmt"/>
          <line num="59" count="0" type="stmt"/>
          <line num="65" count="0" type="stmt"/>
          <line num="70" count="0" type="stmt"/>
          <line num="71" count="0" type="stmt"/>
          <line num="72" count="0" type="stmt"/>
          <line num="73" count="0" type="stmt"/>
          <line num="77" count="0" type="stmt"/>
          <line num="78" count="0" type="stmt"/>
          <line num="83" count="0" type="stmt"/>
          <line num="84" count="0" type="stmt"/>
          <line num="86" count="0" type="stmt"/>
          <line num="87" count="0" type="stmt"/>
          <line num="89" count="0" type="stmt"/>
          <line num="94" count="0" type="stmt"/>
          <line num="95" count="0" type="stmt"/>
          <line num="98" count="0" type="stmt"/>
          <line num="103" count="0" type="stmt"/>
          <line num="104" count="0" type="stmt"/>
          <line num="105" count="0" type="stmt"/>
          <line num="106" count="0" type="stmt"/>
          <line num="108" count="0" type="stmt"/>
          <line num="109" count="0" type="stmt"/>
          <line num="116" count="0" type="stmt"/>
          <line num="117" count="0" type="stmt"/>
          <line num="122" count="0" type="stmt"/>
          <line num="125" count="0" type="stmt"/>
          <line num="133" count="0" type="stmt"/>
          <line num="149" count="0" type="stmt"/>
          <line num="150" count="0" type="stmt"/>
          <line num="152" count="0" type="stmt"/>
        </file>
      </package>
      <package name="components.ColorBar">
        <metrics statements="29" coveredstatements="22" conditionals="2" coveredconditionals="1" methods="13" coveredmethods="8"/>
        <file name="ColorBar.jsx" path="C:\studio\Apache24\htdocs\react-color-picker\react-color-picker\src\components\ColorBar\ColorBar.jsx">
          <metrics statements="23" coveredstatements="19" conditionals="2" coveredconditionals="1" methods="10" coveredmethods="7"/>
          <line num="23" count="2" type="stmt"/>
          <line num="24" count="2" type="stmt"/>
          <line num="38" count="2" type="stmt"/>
          <line num="42" count="1" type="stmt"/>
          <line num="43" count="1" type="stmt"/>
          <line num="44" count="1" type="stmt"/>
          <line num="52" count="1" type="stmt"/>
          <line num="56" count="2" type="stmt"/>
          <line num="57" count="2" type="stmt"/>
          <line num="65" count="2" type="stmt"/>
          <line num="69" count="0" type="stmt"/>
          <line num="73" count="1" type="stmt"/>
          <line num="74" count="1" type="stmt"/>
          <line num="78" count="1" type="stmt"/>
          <line num="79" count="1" type="stmt"/>
          <line num="80" count="1" type="stmt"/>
          <line num="84" count="0" type="stmt"/>
          <line num="88" count="0" type="stmt"/>
          <line num="89" count="0" type="stmt"/>
          <line num="93" count="2" type="stmt"/>
          <line num="94" count="2" type="stmt"/>
          <line num="114" count="2" type="stmt"/>
          <line num="117" count="2" type="stmt"/>
        </file>
        <file name="PsPointer.jsx" path="C:\studio\Apache24\htdocs\react-color-picker\react-color-picker\src\components\ColorBar\PsPointer.jsx">
          <metrics statements="4" coveredstatements="1" conditionals="0" coveredconditionals="0" methods="2" coveredmethods="0"/>
          <line num="4" count="0" type="stmt"/>
          <line num="11" count="1" type="stmt"/>
          <line num="17" count="0" type="stmt"/>
          <line num="33" count="0" type="stmt"/>
        </file>
        <file name="RectPointer.jsx" path="C:\studio\Apache24\htdocs\react-color-picker\react-color-picker\src\components\ColorBar\RectPointer.jsx">
          <metrics statements="2" coveredstatements="2" conditionals="0" coveredconditionals="0" methods="1" coveredmethods="1"/>
          <line num="4" count="2" type="stmt"/>
          <line num="13" count="2" type="stmt"/>
        </file>
      </package>
      <package name="helpers">
        <metrics statements="12" coveredstatements="12" conditionals="12" coveredconditionals="10" methods="1" coveredmethods="1"/>
        <file name="calcEventPosition.js" path="C:\studio\Apache24\htdocs\react-color-picker\react-color-picker\src\helpers\calcEventPosition.js">
          <metrics statements="12" coveredstatements="12" conditionals="12" coveredconditionals="10" methods="1" coveredmethods="1"/>
          <line num="2" count="5" type="stmt"/>
          <line num="3" count="5" type="stmt"/>
          <line num="4" count="5" type="stmt"/>
          <line num="5" count="5" type="stmt"/>
          <line num="6" count="5" type="stmt"/>
          <line num="7" count="5" type="stmt"/>
          <line num="9" count="5" type="stmt"/>
          <line num="10" count="5" type="stmt"/>
          <line num="11" count="5" type="stmt"/>
          <line num="12" count="5" type="stmt"/>
          <line num="14" count="5" type="stmt"/>
          <line num="18" count="2" type="stmt"/>
        </file>
      </package>
    </metrics>
  </project>
</coverage>
