{"C:\\studio\\Apache24\\htdocs\\react-color-picker\\react-color-picker\\src\\components\\ColorPicker.jsx": {"path":"C:\\studio\\Apache24\\htdocs\\react-color-picker\\react-color-picker\\src\\components\\ColorPicker.jsx","statementMap":{"0":{"start":{"line":48,"column":2},"end":{"line":48,"column":15}},"1":{"start":{"line":50,"column":2},"end":{"line":50,"column":60}},"2":{"start":{"line":51,"column":2},"end":{"line":55,"column":3}},"3":{"start":{"line":59,"column":2},"end":{"line":61,"column":4}},"4":{"start":{"line":65,"column":2},"end":{"line":65,"column":13}},"5":{"start":{"line":70,"column":2},"end":{"line":70,"column":31}},"6":{"start":{"line":71,"column":15},"end":{"line":71,"column":32}},"7":{"start":{"line":72,"column":2},"end":{"line":72,"column":30}},"8":{"start":{"line":73,"column":2},"end":{"line":73,"column":32}},"9":{"start":{"line":77,"column":2},"end":{"line":77,"column":35}},"10":{"start":{"line":78,"column":2},"end":{"line":78,"column":40}},"11":{"start":{"line":83,"column":2},"end":{"line":129,"column":4}},"12":{"start":{"line":84,"column":18},"end":{"line":84,"column":33}},"13":{"start":{"line":86,"column":3},"end":{"line":92,"column":4}},"14":{"start":{"line":87,"column":22},"end":{"line":87,"column":42}},"15":{"start":{"line":89,"column":4},"end":{"line":91,"column":6}},"16":{"start":{"line":94,"column":3},"end":{"line":101,"column":4}},"17":{"start":{"line":95,"column":4},"end":{"line":100,"column":6}},"18":{"start":{"line":98,"column":6},"end":{"line":98,"column":50}},"19":{"start":{"line":103,"column":3},"end":{"line":114,"column":4}},"20":{"start":{"line":104,"column":16},"end":{"line":104,"column":53}},"21":{"start":{"line":105,"column":15},"end":{"line":105,"column":43}},"22":{"start":{"line":106,"column":4},"end":{"line":113,"column":6}},"23":{"start":{"line":108,"column":6},"end":{"line":108,"column":35}},"24":{"start":{"line":109,"column":6},"end":{"line":109,"column":56}},"25":{"start":{"line":116,"column":3},"end":{"line":128,"column":4}},"26":{"start":{"line":117,"column":16},"end":{"line":121,"column":5}},"27":{"start":{"line":122,"column":4},"end":{"line":127,"column":6}},"28":{"start":{"line":125,"column":6},"end":{"line":125,"column":45}},"29":{"start":{"line":133,"column":17},"end":{"line":147,"column":4}},"30":{"start":{"line":149,"column":21},"end":{"line":149,"column":31}},"31":{"start":{"line":150,"column":2},"end":{"line":150,"column":39}},"32":{"start":{"line":152,"column":2},"end":{"line":156,"column":3}}},"fnMap":{"0":{"name":"(anonymous_0)","decl":{"start":{"line":42,"column":12},"end":{"line":42,"column":13}},"loc":{"start":{"line":42,"column":18},"end":{"line":42,"column":20}}},"1":{"name":"(anonymous_1)","decl":{"start":{"line":43,"column":17},"end":{"line":43,"column":18}},"loc":{"start":{"line":43,"column":23},"end":{"line":43,"column":25}}},"2":{"name":"(anonymous_2)","decl":{"start":{"line":47,"column":1},"end":{"line":47,"column":2}},"loc":{"start":{"line":47,"column":20},"end":{"line":56,"column":2}}},"3":{"name":"(anonymous_3)","decl":{"start":{"line":58,"column":1},"end":{"line":58,"column":2}},"loc":{"start":{"line":58,"column":38},"end":{"line":62,"column":2}}},"4":{"name":"(anonymous_4)","decl":{"start":{"line":64,"column":1},"end":{"line":64,"column":2}},"loc":{"start":{"line":64,"column":45},"end":{"line":66,"column":2}}},"5":{"name":"(anonymous_5)","decl":{"start":{"line":68,"column":1},"end":{"line":68,"column":2}},"loc":{"start":{"line":68,"column":32},"end":{"line":74,"column":2}}},"6":{"name":"(anonymous_6)","decl":{"start":{"line":76,"column":1},"end":{"line":76,"column":2}},"loc":{"start":{"line":76,"column":34},"end":{"line":79,"column":2}}},"7":{"name":"(anonymous_7)","decl":{"start":{"line":81,"column":1},"end":{"line":81,"column":2}},"loc":{"start":{"line":81,"column":24},"end":{"line":130,"column":2}}},"8":{"name":"(anonymous_8)","decl":{"start":{"line":83,"column":38},"end":{"line":83,"column":39}},"loc":{"start":{"line":83,"column":47},"end":{"line":129,"column":3}}},"9":{"name":"(anonymous_9)","decl":{"start":{"line":97,"column":15},"end":{"line":97,"column":16}},"loc":{"start":{"line":97,"column":25},"end":{"line":99,"column":6}}},"10":{"name":"(anonymous_10)","decl":{"start":{"line":107,"column":15},"end":{"line":107,"column":16}},"loc":{"start":{"line":107,"column":25},"end":{"line":110,"column":6}}},"11":{"name":"(anonymous_11)","decl":{"start":{"line":124,"column":15},"end":{"line":124,"column":16}},"loc":{"start":{"line":124,"column":32},"end":{"line":126,"column":6}}},"12":{"name":"(anonymous_12)","decl":{"start":{"line":132,"column":1},"end":{"line":132,"column":2}},"loc":{"start":{"line":132,"column":11},"end":{"line":157,"column":2}}}},"branchMap":{"0":{"loc":{"start":{"line":59,"column":2},"end":{"line":61,"column":4}},"type":"binary-expr","locations":[{"start":{"line":59,"column":2},"end":{"line":59,"column":17}},{"start":{"line":59,"column":21},"end":{"line":61,"column":4}}]},"1":{"loc":{"start":{"line":86,"column":3},"end":{"line":92,"column":4}},"type":"if","locations":[{"start":{"line":86,"column":3},"end":{"line":92,"column":4}},{"start":{"line":86,"column":3},"end":{"line":92,"column":4}}]},"2":{"loc":{"start":{"line":94,"column":3},"end":{"line":101,"column":4}},"type":"if","locations":[{"start":{"line":94,"column":3},"end":{"line":101,"column":4}},{"start":{"line":94,"column":3},"end":{"line":101,"column":4}}]},"3":{"loc":{"start":{"line":103,"column":3},"end":{"line":114,"column":4}},"type":"if","locations":[{"start":{"line":103,"column":3},"end":{"line":114,"column":4}},{"start":{"line":103,"column":3},"end":{"line":114,"column":4}}]},"4":{"loc":{"start":{"line":104,"column":16},"end":{"line":104,"column":53}},"type":"binary-expr","locations":[{"start":{"line":104,"column":16},"end":{"line":104,"column":33}},{"start":{"line":104,"column":37},"end":{"line":104,"column":53}}]},"5":{"loc":{"start":{"line":105,"column":15},"end":{"line":105,"column":43}},"type":"binary-expr","locations":[{"start":{"line":105,"column":15},"end":{"line":105,"column":34}},{"start":{"line":105,"column":38},"end":{"line":105,"column":43}}]},"6":{"loc":{"start":{"line":109,"column":6},"end":{"line":109,"column":56}},"type":"binary-expr","locations":[{"start":{"line":109,"column":6},"end":{"line":109,"column":26}},{"start":{"line":109,"column":30},"end":{"line":109,"column":56}}]},"7":{"loc":{"start":{"line":116,"column":3},"end":{"line":128,"column":4}},"type":"if","locations":[{"start":{"line":116,"column":3},"end":{"line":128,"column":4}},{"start":{"line":116,"column":3},"end":{"line":128,"column":4}}]}},"s":{"0":0,"1":0,"2":0,"3":0,"4":0,"5":0,"6":0,"7":0,"8":0,"9":0,"10":0,"11":0,"12":0,"13":0,"14":0,"15":0,"16":0,"17":0,"18":0,"19":0,"20":0,"21":0,"22":0,"23":0,"24":0,"25":0,"26":0,"27":0,"28":0,"29":0,"30":0,"31":0,"32":0},"f":{"0":0,"1":0,"2":0,"3":0,"4":0,"5":0,"6":0,"7":0,"8":0,"9":0,"10":0,"11":0,"12":0},"b":{"0":[0,0],"1":[0,0],"2":[0,0],"3":[0,0],"4":[0,0],"5":[0,0],"6":[0,0],"7":[0,0]},"_coverageSchema":"332fd63041d2c1bcb487cc26dd0d5f7d97098a6c","hash":"4eb0dcd3f695b09b6179aeac7b07832daf6a3232"}
,"C:\\studio\\Apache24\\htdocs\\react-color-picker\\react-color-picker\\src\\components\\ColorBar\\ColorBar.jsx": {"path":"C:\\studio\\Apache24\\htdocs\\react-color-picker\\react-color-picker\\src\\components\\ColorBar\\ColorBar.jsx","statementMap":{"0":{"start":{"line":23,"column":23},"end":{"line":23,"column":33}},"1":{"start":{"line":24,"column":19},"end":{"line":37,"column":3}},"2":{"start":{"line":38,"column":2},"end":{"line":38,"column":26}},"3":{"start":{"line":42,"column":25},"end":{"line":42,"column":35}},"4":{"start":{"line":43,"column":12},"end":{"line":43,"column":48}},"5":{"start":{"line":44,"column":19},"end":{"line":51,"column":5}},"6":{"start":{"line":52,"column":4},"end":{"line":52,"column":26}},"7":{"start":{"line":56,"column":25},"end":{"line":56,"column":35}},"8":{"start":{"line":57,"column":19},"end":{"line":64,"column":5}},"9":{"start":{"line":65,"column":4},"end":{"line":65,"column":26}},"10":{"start":{"line":69,"column":4},"end":{"line":69,"column":31}},"11":{"start":{"line":73,"column":19},"end":{"line":73,"column":35}},"12":{"start":{"line":74,"column":4},"end":{"line":74,"column":36}},"13":{"start":{"line":78,"column":4},"end":{"line":78,"column":24}},"14":{"start":{"line":79,"column":4},"end":{"line":79,"column":59}},"15":{"start":{"line":80,"column":4},"end":{"line":80,"column":58}},"16":{"start":{"line":84,"column":4},"end":{"line":84,"column":31}},"17":{"start":{"line":88,"column":4},"end":{"line":88,"column":62}},"18":{"start":{"line":89,"column":4},"end":{"line":89,"column":61}},"19":{"start":{"line":93,"column":14},"end":{"line":93,"column":38}},"20":{"start":{"line":94,"column":19},"end":{"line":112,"column":6}},"21":{"start":{"line":114,"column":4},"end":{"line":126,"column":5}},"22":{"start":{"line":117,"column":21},"end":{"line":117,"column":42}}},"fnMap":{"0":{"name":"(anonymous_0)","decl":{"start":{"line":22,"column":1},"end":{"line":22,"column":2}},"loc":{"start":{"line":22,"column":18},"end":{"line":39,"column":2}}},"1":{"name":"(anonymous_1)","decl":{"start":{"line":41,"column":2},"end":{"line":41,"column":3}},"loc":{"start":{"line":41,"column":15},"end":{"line":53,"column":3}}},"2":{"name":"(anonymous_2)","decl":{"start":{"line":55,"column":2},"end":{"line":55,"column":3}},"loc":{"start":{"line":55,"column":17},"end":{"line":66,"column":3}}},"3":{"name":"(anonymous_3)","decl":{"start":{"line":68,"column":2},"end":{"line":68,"column":3}},"loc":{"start":{"line":68,"column":25},"end":{"line":70,"column":3}}},"4":{"name":"(anonymous_4)","decl":{"start":{"line":72,"column":17},"end":{"line":72,"column":18}},"loc":{"start":{"line":72,"column":24},"end":{"line":75,"column":3}}},"5":{"name":"(anonymous_5)","decl":{"start":{"line":77,"column":20},"end":{"line":77,"column":21}},"loc":{"start":{"line":77,"column":27},"end":{"line":81,"column":3}}},"6":{"name":"(anonymous_6)","decl":{"start":{"line":83,"column":18},"end":{"line":83,"column":19}},"loc":{"start":{"line":83,"column":24},"end":{"line":85,"column":3}}},"7":{"name":"(anonymous_7)","decl":{"start":{"line":87,"column":2},"end":{"line":87,"column":3}},"loc":{"start":{"line":87,"column":25},"end":{"line":90,"column":3}}},"8":{"name":"(anonymous_8)","decl":{"start":{"line":92,"column":2},"end":{"line":92,"column":3}},"loc":{"start":{"line":92,"column":11},"end":{"line":127,"column":3}}},"9":{"name":"(anonymous_9)","decl":{"start":{"line":117,"column":13},"end":{"line":117,"column":14}},"loc":{"start":{"line":117,"column":21},"end":{"line":117,"column":42}}}},"branchMap":{"0":{"loc":{"start":{"line":8,"column":24},"end":{"line":8,"column":50}},"type":"binary-expr","locations":[{"start":{"line":8,"column":24},"end":{"line":8,"column":37}},{"start":{"line":8,"column":41},"end":{"line":8,"column":50}}]}},"s":{"0":2,"1":2,"2":2,"3":1,"4":1,"5":1,"6":1,"7":2,"8":2,"9":2,"10":0,"11":1,"12":1,"13":1,"14":1,"15":1,"16":0,"17":0,"18":0,"19":2,"20":2,"21":2,"22":2},"f":{"0":2,"1":1,"2":2,"3":0,"4":1,"5":1,"6":0,"7":0,"8":2,"9":2},"b":{"0":[1,0]},"_coverageSchema":"332fd63041d2c1bcb487cc26dd0d5f7d97098a6c","hash":"b34c7ab46b2cab50b6f73d4d16a90da846f6a845"}
,"C:\\studio\\Apache24\\htdocs\\react-color-picker\\react-color-picker\\src\\components\\ColorBar\\PsPointer.jsx": {"path":"C:\\studio\\Apache24\\htdocs\\react-color-picker\\react-color-picker\\src\\components\\ColorBar\\PsPointer.jsx","statementMap":{"0":{"start":{"line":4,"column":1},"end":{"line":8,"column":2}},"1":{"start":{"line":11,"column":0},"end":{"line":14,"column":1}},"2":{"start":{"line":17,"column":15},"end":{"line":31,"column":2}},"3":{"start":{"line":33,"column":1},"end":{"line":38,"column":2}}},"fnMap":{"0":{"name":"PsSVGPointer","decl":{"start":{"line":3,"column":9},"end":{"line":3,"column":21}},"loc":{"start":{"line":3,"column":30},"end":{"line":9,"column":1}}},"1":{"name":"PsPointer","decl":{"start":{"line":16,"column":9},"end":{"line":16,"column":18}},"loc":{"start":{"line":16,"column":22},"end":{"line":39,"column":1}}}},"branchMap":{},"s":{"0":0,"1":1,"2":0,"3":0},"f":{"0":0,"1":0},"b":{},"_coverageSchema":"332fd63041d2c1bcb487cc26dd0d5f7d97098a6c","hash":"d2176a55b75655e6bae17297d88a4fe032936453"}
,"C:\\studio\\Apache24\\htdocs\\react-color-picker\\react-color-picker\\src\\components\\ColorBar\\RectPointer.jsx": {"path":"C:\\studio\\Apache24\\htdocs\\react-color-picker\\react-color-picker\\src\\components\\ColorBar\\RectPointer.jsx","statementMap":{"0":{"start":{"line":4,"column":15},"end":{"line":11,"column":3}},"1":{"start":{"line":13,"column":1},"end":{"line":13,"column":31}}},"fnMap":{"0":{"name":"RectPointer","decl":{"start":{"line":3,"column":9},"end":{"line":3,"column":20}},"loc":{"start":{"line":3,"column":24},"end":{"line":14,"column":1}}}},"branchMap":{},"s":{"0":2,"1":2},"f":{"0":2},"b":{},"_coverageSchema":"332fd63041d2c1bcb487cc26dd0d5f7d97098a6c","hash":"84d3666350eae662420675a68b8c0db25f48b9be"}
,"C:\\studio\\Apache24\\htdocs\\react-color-picker\\react-color-picker\\src\\helpers\\calcEventPosition.js": {"path":"C:\\studio\\Apache24\\htdocs\\react-color-picker\\react-color-picker\\src\\helpers\\calcEventPosition.js","statementMap":{"0":{"start":{"line":2,"column":25},"end":{"line":2,"column":46}},"1":{"start":{"line":3,"column":26},"end":{"line":3,"column":48}},"2":{"start":{"line":4,"column":12},"end":{"line":4,"column":70}},"3":{"start":{"line":5,"column":12},"end":{"line":5,"column":70}},"4":{"start":{"line":6,"column":13},"end":{"line":6,"column":78}},"5":{"start":{"line":7,"column":12},"end":{"line":7,"column":76}},"6":{"start":{"line":9,"column":2},"end":{"line":9,"column":28}},"7":{"start":{"line":10,"column":2},"end":{"line":10,"column":54}},"8":{"start":{"line":11,"column":2},"end":{"line":11,"column":25}},"9":{"start":{"line":12,"column":2},"end":{"line":12,"column":53}},"10":{"start":{"line":14,"column":2},"end":{"line":17,"column":3}},"11":{"start":{"line":18,"column":1},"end":{"line":18,"column":3}}},"fnMap":{"0":{"name":"calcEventPosition","decl":{"start":{"line":1,"column":24},"end":{"line":1,"column":41}},"loc":{"start":{"line":1,"column":56},"end":{"line":18,"column":1}}}},"branchMap":{"0":{"loc":{"start":{"line":4,"column":12},"end":{"line":4,"column":70}},"type":"cond-expr","locations":[{"start":{"line":4,"column":42},"end":{"line":4,"column":49}},{"start":{"line":4,"column":52},"end":{"line":4,"column":70}}]},"1":{"loc":{"start":{"line":5,"column":12},"end":{"line":5,"column":70}},"type":"cond-expr","locations":[{"start":{"line":5,"column":42},"end":{"line":5,"column":49}},{"start":{"line":5,"column":52},"end":{"line":5,"column":70}}]},"2":{"loc":{"start":{"line":9,"column":9},"end":{"line":9,"column":28}},"type":"cond-expr","locations":[{"start":{"line":9,"column":20},"end":{"line":9,"column":21}},{"start":{"line":9,"column":24},"end":{"line":9,"column":28}}]},"3":{"loc":{"start":{"line":10,"column":9},"end":{"line":10,"column":54}},"type":"cond-expr","locations":[{"start":{"line":10,"column":33},"end":{"line":10,"column":47}},{"start":{"line":10,"column":50},"end":{"line":10,"column":54}}]},"4":{"loc":{"start":{"line":11,"column":8},"end":{"line":11,"column":25}},"type":"cond-expr","locations":[{"start":{"line":11,"column":18},"end":{"line":11,"column":19}},{"start":{"line":11,"column":22},"end":{"line":11,"column":25}}]},"5":{"loc":{"start":{"line":12,"column":8},"end":{"line":12,"column":53}},"type":"cond-expr","locations":[{"start":{"line":12,"column":32},"end":{"line":12,"column":47}},{"start":{"line":12,"column":50},"end":{"line":12,"column":53}}]}},"s":{"0":5,"1":5,"2":5,"3":5,"4":5,"5":5,"6":5,"7":5,"8":5,"9":5,"10":5,"11":2},"f":{"0":5},"b":{"0":[5,0],"1":[5,0],"2":[1,4],"3":[1,4],"4":[1,4],"5":[1,4]},"_coverageSchema":"332fd63041d2c1bcb487cc26dd0d5f7d97098a6c","hash":"6f64e31fa0efcb7f3d541686cff700fde0062255"}
}
