TN:
SF:C:\studio\Apache24\htdocs\react-color-picker\react-color-picker\src\components\ColorPicker.jsx
FN:42,(anonymous_0)
FN:43,(anonymous_1)
FN:47,(anonymous_2)
FN:58,(anonymous_3)
FN:64,(anonymous_4)
FN:68,(anonymous_5)
FN:76,(anonymous_6)
FN:81,(anonymous_7)
FN:83,(anonymous_8)
FN:97,(anonymous_9)
FN:107,(anonymous_10)
FN:124,(anonymous_11)
FN:132,(anonymous_12)
FNF:13
FNH:0
FNDA:0,(anonymous_0)
FNDA:0,(anonymous_1)
FNDA:0,(anonymous_2)
FNDA:0,(anonymous_3)
FNDA:0,(anonymous_4)
FNDA:0,(anonymous_5)
FNDA:0,(anonymous_6)
FNDA:0,(anonymous_7)
FNDA:0,(anonymous_8)
FNDA:0,(anonymous_9)
FNDA:0,(anonymous_10)
FNDA:0,(anonymous_11)
FNDA:0,(anonymous_12)
DA:48,0
DA:50,0
DA:51,0
DA:59,0
DA:65,0
DA:70,0
DA:71,0
DA:72,0
DA:73,0
DA:77,0
DA:78,0
DA:83,0
DA:84,0
DA:86,0
DA:87,0
DA:89,0
DA:94,0
DA:95,0
DA:98,0
DA:103,0
DA:104,0
DA:105,0
DA:106,0
DA:108,0
DA:109,0
DA:116,0
DA:117,0
DA:122,0
DA:125,0
DA:133,0
DA:149,0
DA:150,0
DA:152,0
LF:33
LH:0
BRDA:59,0,0,0
BRDA:59,0,1,0
BRDA:86,1,0,0
BRDA:86,1,1,0
BRDA:94,2,0,0
BRDA:94,2,1,0
BRDA:103,3,0,0
BRDA:103,3,1,0
BRDA:104,4,0,0
BRDA:104,4,1,0
BRDA:105,5,0,0
BRDA:105,5,1,0
BRDA:109,6,0,0
BRDA:109,6,1,0
BRDA:116,7,0,0
BRDA:116,7,1,0
BRF:16
BRH:0
end_of_record
TN:
SF:C:\studio\Apache24\htdocs\react-color-picker\react-color-picker\src\components\ColorBar\ColorBar.jsx
FN:22,(anonymous_0)
FN:41,(anonymous_1)
FN:55,(anonymous_2)
FN:68,(anonymous_3)
FN:72,(anonymous_4)
FN:77,(anonymous_5)
FN:83,(anonymous_6)
FN:87,(anonymous_7)
FN:92,(anonymous_8)
FN:117,(anonymous_9)
FNF:10
FNH:7
FNDA:2,(anonymous_0)
FNDA:1,(anonymous_1)
FNDA:2,(anonymous_2)
FNDA:0,(anonymous_3)
FNDA:1,(anonymous_4)
FNDA:1,(anonymous_5)
FNDA:0,(anonymous_6)
FNDA:0,(anonymous_7)
FNDA:2,(anonymous_8)
FNDA:2,(anonymous_9)
DA:23,2
DA:24,2
DA:38,2
DA:42,1
DA:43,1
DA:44,1
DA:52,1
DA:56,2
DA:57,2
DA:65,2
DA:69,0
DA:73,1
DA:74,1
DA:78,1
DA:79,1
DA:80,1
DA:84,0
DA:88,0
DA:89,0
DA:93,2
DA:94,2
DA:114,2
DA:117,2
LF:23
LH:19
BRDA:8,0,0,1
BRDA:8,0,1,0
BRF:2
BRH:1
end_of_record
TN:
SF:C:\studio\Apache24\htdocs\react-color-picker\react-color-picker\src\components\ColorBar\PsPointer.jsx
FN:3,PsSVGPointer
FN:16,PsPointer
FNF:2
FNH:0
FNDA:0,PsSVGPointer
FNDA:0,PsPointer
DA:4,0
DA:11,1
DA:17,0
DA:33,0
LF:4
LH:1
BRF:0
BRH:0
end_of_record
TN:
SF:C:\studio\Apache24\htdocs\react-color-picker\react-color-picker\src\components\ColorBar\RectPointer.jsx
FN:3,RectPointer
FNF:1
FNH:1
FNDA:2,RectPointer
DA:4,2
DA:13,2
LF:2
LH:2
BRF:0
BRH:0
end_of_record
TN:
SF:C:\studio\Apache24\htdocs\react-color-picker\react-color-picker\src\helpers\calcEventPosition.js
FN:1,calcEventPosition
FNF:1
FNH:1
FNDA:5,calcEventPosition
DA:2,5
DA:3,5
DA:4,5
DA:5,5
DA:6,5
DA:7,5
DA:9,5
DA:10,5
DA:11,5
DA:12,5
DA:14,5
DA:18,2
LF:12
LH:12
BRDA:4,0,0,5
BRDA:4,0,1,0
BRDA:5,1,0,5
BRDA:5,1,1,0
BRDA:9,2,0,1
BRDA:9,2,1,4
BRDA:10,3,0,1
BRDA:10,3,1,4
BRDA:11,4,0,1
BRDA:11,4,1,4
BRDA:12,5,0,1
BRDA:12,5,1,4
BRF:12
BRH:10
end_of_record
